2025-02-16 17:25:01,918 INFO o.a.j.u.JMeterUtils: Setting Locale to en_EN
2025-02-16 17:25:01,932 INFO o.a.j.JMeter: Loading user properties from: D:\apache-jmeter-5.1.1\bin\user.properties
2025-02-16 17:25:01,932 INFO o.a.j.JMeter: Loading system properties from: D:\apache-jmeter-5.1.1\bin\system.properties
2025-02-16 17:25:01,932 INFO o.a.j.JMeter: Copyright (c) 1998-2019 The Apache Software Foundation
2025-02-16 17:25:01,932 INFO o.a.j.JMeter: Version 5.1.1 r1855137
2025-02-16 17:25:01,932 INFO o.a.j.JMeter: java.version=23.0.1
2025-02-16 17:25:01,932 INFO o.a.j.JMeter: java.vm.name=Java HotSpot(TM) 64-Bit Server VM
2025-02-16 17:25:01,932 INFO o.a.j.JMeter: os.name=Windows 11
2025-02-16 17:25:01,932 INFO o.a.j.JMeter: os.arch=amd64
2025-02-16 17:25:01,932 INFO o.a.j.JMeter: os.version=10.0
2025-02-16 17:25:01,932 INFO o.a.j.JMeter: file.encoding=UTF-8
2025-02-16 17:25:01,932 INFO o.a.j.JMeter: java.awt.headless=true
2025-02-16 17:25:01,932 INFO o.a.j.JMeter: Max memory     =1073741824
2025-02-16 17:25:01,932 INFO o.a.j.JMeter: Available Processors =14
2025-02-16 17:25:01,947 INFO o.a.j.JMeter: Default Locale=English (EN)
2025-02-16 17:25:01,947 INFO o.a.j.JMeter: JMeter  Locale=English (EN)
2025-02-16 17:25:01,947 INFO o.a.j.JMeter: JMeterHome=D:\apache-jmeter-5.1.1
2025-02-16 17:25:01,947 INFO o.a.j.JMeter: user.dir  =D:\CodeBlockProjects\RCFC-Reload(CompressAgentState)\bin\Release
2025-02-16 17:25:01,947 INFO o.a.j.JMeter: PWD       =D:\CodeBlockProjects\RCFC-Reload(CompressAgentState)\bin\Release
2025-02-16 17:25:01,947 INFO o.a.j.JMeter: IP: 192.168.51.11 Name: Idrees FullName: Idrees
2025-02-16 17:25:01,963 INFO o.a.j.s.FileServer: Default base='D:\CodeBlockProjects\RCFC-Reload(CompressAgentState)\bin\Release'
2025-02-16 17:25:01,963 INFO o.a.j.s.FileServer: Set new base='D:\apache-jmeter-5.1.1\bin\testing_transactions_rubis'
2025-02-16 17:25:02,185 INFO o.a.j.s.SaveService: Testplan (JMX) version: 2.2. Testlog (JTL) version: 2.2
2025-02-16 17:25:02,217 INFO o.a.j.s.SaveService: Using SaveService properties version 5.0
2025-02-16 17:25:02,217 INFO o.a.j.s.SaveService: Using SaveService properties file encoding UTF-8
2025-02-16 17:25:02,223 INFO o.a.j.s.SaveService: Loading file: D:\apache-jmeter-5.1.1\bin\testing_transactions_rubis\all_transactions_local_server.jmx
2025-02-16 17:25:02,248 INFO o.a.j.p.h.s.HTTPSamplerBase: Parser for text/html is org.apache.jmeter.protocol.http.parser.LagartoBasedHtmlParser
2025-02-16 17:25:02,248 INFO o.a.j.p.h.s.HTTPSamplerBase: Parser for application/xhtml+xml is org.apache.jmeter.protocol.http.parser.LagartoBasedHtmlParser
2025-02-16 17:25:02,248 INFO o.a.j.p.h.s.HTTPSamplerBase: Parser for application/xml is org.apache.jmeter.protocol.http.parser.LagartoBasedHtmlParser
2025-02-16 17:25:02,248 INFO o.a.j.p.h.s.HTTPSamplerBase: Parser for text/xml is org.apache.jmeter.protocol.http.parser.LagartoBasedHtmlParser
2025-02-16 17:25:02,248 INFO o.a.j.p.h.s.HTTPSamplerBase: Parser for text/vnd.wap.wml is org.apache.jmeter.protocol.http.parser.RegexpHTMLParser
2025-02-16 17:25:02,248 INFO o.a.j.p.h.s.HTTPSamplerBase: Parser for text/css is org.apache.jmeter.protocol.http.parser.CssParser
2025-02-16 17:25:02,311 INFO o.a.j.JMeter: Creating summariser <summary>
2025-02-16 17:25:02,311 INFO o.a.j.e.StandardJMeterEngine: Running the test!
2025-02-16 17:25:02,311 INFO o.a.j.s.SampleEvent: List of sample_variables: []
2025-02-16 17:25:02,311 INFO o.a.j.s.SampleEvent: List of sample_variables: []
2025-02-16 17:25:02,311 INFO o.a.j.e.u.CompoundVariable: Note: Function class names must contain the string: '.functions.'
2025-02-16 17:25:02,311 INFO o.a.j.e.u.CompoundVariable: Note: Function class names must not contain the string: '.gui.'
2025-02-16 17:25:02,359 INFO o.a.j.JMeter: Running test (1739723102359)
2025-02-16 17:25:02,366 INFO o.a.j.e.StandardJMeterEngine: Starting ThreadGroup: 1 : HomePage_thread_group
2025-02-16 17:25:02,366 INFO o.a.j.e.StandardJMeterEngine: Starting 3 threads for group HomePage_thread_group.
2025-02-16 17:25:02,366 INFO o.a.j.e.StandardJMeterEngine: Thread will continue on error
2025-02-16 17:25:02,366 INFO o.a.j.t.ThreadGroup: Starting thread group... number=1 threads=3 ramp-up=3 delayedStart=false
2025-02-16 17:25:02,374 INFO o.a.j.t.ThreadGroup: Started thread group number 1
2025-02-16 17:25:02,374 INFO o.a.j.e.StandardJMeterEngine: Starting ThreadGroup: 2 : RegisterPage_thread_group
2025-02-16 17:25:02,374 INFO o.a.j.e.StandardJMeterEngine: Starting 3 threads for group RegisterPage_thread_group.
2025-02-16 17:25:02,374 INFO o.a.j.e.StandardJMeterEngine: Thread will continue on error
2025-02-16 17:25:02,374 INFO o.a.j.t.ThreadGroup: Starting thread group... number=2 threads=3 ramp-up=3 delayedStart=false
2025-02-16 17:25:02,376 INFO o.a.j.t.ThreadGroup: Started thread group number 2
2025-02-16 17:25:02,376 INFO o.a.j.e.StandardJMeterEngine: Starting ThreadGroup: 3 : RegisterUser_thread_group
2025-02-16 17:25:02,376 INFO o.a.j.e.StandardJMeterEngine: Starting 4 threads for group RegisterUser_thread_group.
2025-02-16 17:25:02,376 INFO o.a.j.e.StandardJMeterEngine: Thread will continue on error
2025-02-16 17:25:02,376 INFO o.a.j.t.ThreadGroup: Starting thread group... number=3 threads=4 ramp-up=3 delayedStart=false
2025-02-16 17:25:02,380 INFO o.a.j.t.ThreadGroup: Started thread group number 3
2025-02-16 17:25:02,380 INFO o.a.j.e.StandardJMeterEngine: Starting ThreadGroup: 4 : BrowsePage_thread_group
2025-02-16 17:25:02,380 INFO o.a.j.e.StandardJMeterEngine: Starting 3 threads for group BrowsePage_thread_group.
2025-02-16 17:25:02,380 INFO o.a.j.e.StandardJMeterEngine: Thread will continue on error
2025-02-16 17:25:02,380 INFO o.a.j.t.ThreadGroup: Starting thread group... number=4 threads=3 ramp-up=3 delayedStart=false
2025-02-16 17:25:02,380 INFO o.a.j.t.ThreadGroup: Started thread group number 4
2025-02-16 17:25:02,381 INFO o.a.j.e.StandardJMeterEngine: Starting ThreadGroup: 5 : BrowseInCategories_thread_group
2025-02-16 17:25:02,381 INFO o.a.j.e.StandardJMeterEngine: Starting 3 threads for group BrowseInCategories_thread_group.
2025-02-16 17:25:02,381 INFO o.a.j.e.StandardJMeterEngine: Thread will continue on error
2025-02-16 17:25:02,381 INFO o.a.j.t.ThreadGroup: Starting thread group... number=5 threads=3 ramp-up=3 delayedStart=false
2025-02-16 17:25:02,382 INFO o.a.j.t.ThreadGroup: Started thread group number 5
2025-02-16 17:25:02,382 INFO o.a.j.e.StandardJMeterEngine: Starting ThreadGroup: 6 : BrowseInRegions_thread_group
2025-02-16 17:25:02,382 INFO o.a.j.e.StandardJMeterEngine: Starting 3 threads for group BrowseInRegions_thread_group.
2025-02-16 17:25:02,382 INFO o.a.j.e.StandardJMeterEngine: Thread will continue on error
2025-02-16 17:25:02,382 INFO o.a.j.t.ThreadGroup: Starting thread group... number=6 threads=3 ramp-up=3 delayedStart=false
2025-02-16 17:25:02,383 INFO o.a.j.t.ThreadGroup: Started thread group number 6
2025-02-16 17:25:02,384 INFO o.a.j.e.StandardJMeterEngine: Starting ThreadGroup: 7 : SellPage_thread_group
2025-02-16 17:25:02,384 INFO o.a.j.e.StandardJMeterEngine: Starting 3 threads for group SellPage_thread_group.
2025-02-16 17:25:02,384 INFO o.a.j.e.StandardJMeterEngine: Thread will continue on error
2025-02-16 17:25:02,384 INFO o.a.j.t.ThreadGroup: Starting thread group... number=7 threads=3 ramp-up=3 delayedStart=false
2025-02-16 17:25:02,384 INFO o.a.j.t.ThreadGroup: Started thread group number 7
2025-02-16 17:25:02,384 INFO o.a.j.e.StandardJMeterEngine: Starting ThreadGroup: 8 : SellItem_thread_group
2025-02-16 17:25:02,384 INFO o.a.j.e.StandardJMeterEngine: Starting 3 threads for group SellItem_thread_group.
2025-02-16 17:25:02,384 INFO o.a.j.e.StandardJMeterEngine: Thread will continue on error
2025-02-16 17:25:02,384 INFO o.a.j.t.ThreadGroup: Starting thread group... number=8 threads=3 ramp-up=3 delayedStart=false
2025-02-16 17:25:02,384 INFO o.a.j.t.ThreadGroup: Started thread group number 8
2025-02-16 17:25:02,384 INFO o.a.j.e.StandardJMeterEngine: Starting ThreadGroup: 9 : AboutMePage_thread_group
2025-02-16 17:25:02,384 INFO o.a.j.e.StandardJMeterEngine: Starting 3 threads for group AboutMePage_thread_group.
2025-02-16 17:25:02,384 INFO o.a.j.e.StandardJMeterEngine: Thread will continue on error
2025-02-16 17:25:02,384 INFO o.a.j.t.ThreadGroup: Starting thread group... number=9 threads=3 ramp-up=3 delayedStart=false
2025-02-16 17:25:02,387 INFO o.a.j.t.ThreadGroup: Started thread group number 9
2025-02-16 17:25:02,387 INFO o.a.j.e.StandardJMeterEngine: Starting ThreadGroup: 10 : AboutMeUser_thread_group
2025-02-16 17:25:02,387 INFO o.a.j.e.StandardJMeterEngine: Starting 3 threads for group AboutMeUser_thread_group.
2025-02-16 17:25:02,387 INFO o.a.j.e.StandardJMeterEngine: Thread will continue on error
2025-02-16 17:25:02,387 INFO o.a.j.t.ThreadGroup: Starting thread group... number=10 threads=3 ramp-up=3 delayedStart=false
2025-02-16 17:25:02,387 INFO o.a.j.t.ThreadGroup: Started thread group number 10
2025-02-16 17:25:02,387 INFO o.a.j.e.StandardJMeterEngine: Starting ThreadGroup: 11 : BidOnItem_thread_group
2025-02-16 17:25:02,387 INFO o.a.j.e.StandardJMeterEngine: Starting 3 threads for group BidOnItem_thread_group.
2025-02-16 17:25:02,389 INFO o.a.j.e.StandardJMeterEngine: Thread will continue on error
2025-02-16 17:25:02,389 INFO o.a.j.t.ThreadGroup: Starting thread group... number=11 threads=3 ramp-up=3 delayedStart=false
2025-02-16 17:25:02,389 INFO o.a.j.t.ThreadGroup: Started thread group number 11
2025-02-16 17:25:02,389 INFO o.a.j.e.StandardJMeterEngine: Starting ThreadGroup: 12 : BuyItem_thread_group
2025-02-16 17:25:02,389 INFO o.a.j.e.StandardJMeterEngine: Starting 3 threads for group BuyItem_thread_group.
2025-02-16 17:25:02,389 INFO o.a.j.e.StandardJMeterEngine: Thread will continue on error
2025-02-16 17:25:02,390 INFO o.a.j.t.ThreadGroup: Starting thread group... number=12 threads=3 ramp-up=3 delayedStart=false
2025-02-16 17:25:02,391 INFO o.a.j.t.ThreadGroup: Started thread group number 12
2025-02-16 17:25:02,392 INFO o.a.j.e.StandardJMeterEngine: All thread groups have been started
2025-02-16 17:25:02,432 INFO o.a.j.t.JMeterThread: Thread started: SellPage_thread_group 7-1
2025-02-16 17:25:02,432 INFO o.a.j.t.JMeterThread: Thread started: RegisterPage_thread_group 2-1
2025-02-16 17:25:02,432 INFO o.a.j.t.JMeterThread: Thread started: AboutMePage_thread_group 9-1
2025-02-16 17:25:02,432 INFO o.a.j.t.JMeterThread: Thread started: SellItem_thread_group 8-1
2025-02-16 17:25:02,432 INFO o.a.j.t.JMeterThread: Thread started: AboutMeUser_thread_group 10-1
2025-02-16 17:25:02,432 INFO o.a.j.t.JMeterThread: Thread started: RegisterUser_thread_group 3-1
2025-02-16 17:25:02,438 INFO o.a.j.t.JMeterThread: Thread started: BrowsePage_thread_group 4-1
2025-02-16 17:25:02,438 INFO o.a.j.t.JMeterThread: Thread started: HomePage_thread_group 1-1
2025-02-16 17:25:02,438 INFO o.a.j.t.JMeterThread: Thread started: BrowseInRegions_thread_group 6-1
2025-02-16 17:25:02,438 INFO o.a.j.t.JMeterThread: Thread started: BrowseInCategories_thread_group 5-1
2025-02-16 17:25:02,438 INFO o.a.j.t.JMeterThread: Thread started: BuyItem_thread_group 12-1
2025-02-16 17:25:02,438 INFO o.a.j.t.JMeterThread: Thread started: BidOnItem_thread_group 11-1
2025-02-16 17:25:02,439 INFO o.a.j.s.FileServer: Stored: D:/apache-jmeter-5.1.1/bin/usersData.csv
2025-02-16 17:25:02,457 INFO o.a.j.p.h.s.HTTPHCAbstractImpl: Local host = Idrees
2025-02-16 17:25:02,461 INFO o.a.j.p.h.s.HTTPHC4Impl: HTTP request retry count = 0
2025-02-16 17:25:02,463 INFO o.a.j.s.SampleResult: Note: Sample TimeStamps are START times
2025-02-16 17:25:02,463 INFO o.a.j.s.SampleResult: sampleresult.default.encoding is set to ISO-8859-1
2025-02-16 17:25:02,463 INFO o.a.j.s.SampleResult: sampleresult.useNanoTime=true
2025-02-16 17:25:02,463 INFO o.a.j.s.SampleResult: sampleresult.nanoThreadSleep=5000
2025-02-16 17:25:02,552 INFO o.a.j.r.Summariser: summary +      1 in 00:00:00 =    5.2/s Avg:    27 Min:    27 Max:    27 Err:     0 (0.00%) Active: 12 Started: 12 Finished: 0
2025-02-16 17:25:02,556 INFO o.a.j.u.JsseSSLManager: Using default SSL protocol: TLS
2025-02-16 17:25:02,556 INFO o.a.j.u.JsseSSLManager: SSL session context: per-thread
2025-02-16 17:25:02,574 INFO o.a.j.t.JMeterThread: Thread is done: HomePage_thread_group 1-1
2025-02-16 17:25:02,574 INFO o.a.j.t.JMeterThread: Thread finished: HomePage_thread_group 1-1
2025-02-16 17:25:02,575 INFO o.a.j.t.JMeterThread: Thread is done: SellPage_thread_group 7-1
2025-02-16 17:25:02,575 INFO o.a.j.t.JMeterThread: Thread finished: SellPage_thread_group 7-1
2025-02-16 17:25:02,577 INFO o.a.j.t.JMeterThread: Thread is done: RegisterPage_thread_group 2-1
2025-02-16 17:25:02,577 INFO o.a.j.t.JMeterThread: Thread is done: AboutMePage_thread_group 9-1
2025-02-16 17:25:02,577 INFO o.a.j.t.JMeterThread: Thread finished: AboutMePage_thread_group 9-1
2025-02-16 17:25:02,577 INFO o.a.j.t.JMeterThread: Thread finished: RegisterPage_thread_group 2-1
2025-02-16 17:25:02,578 INFO o.a.j.t.JMeterThread: Thread is done: BrowsePage_thread_group 4-1
2025-02-16 17:25:02,579 INFO o.a.j.t.JMeterThread: Thread finished: BrowsePage_thread_group 4-1
2025-02-16 17:25:02,600 INFO o.a.j.t.JMeterThread: Thread is done: RegisterUser_thread_group 3-1
2025-02-16 17:25:02,600 INFO o.a.j.t.JMeterThread: Thread finished: RegisterUser_thread_group 3-1
2025-02-16 17:25:02,641 INFO o.a.j.t.JMeterThread: Thread is done: SellItem_thread_group 8-1
2025-02-16 17:25:02,642 INFO o.a.j.t.JMeterThread: Thread finished: SellItem_thread_group 8-1
2025-02-16 17:25:02,653 INFO o.a.j.t.JMeterThread: Thread is done: BrowseInCategories_thread_group 5-1
2025-02-16 17:25:02,654 INFO o.a.j.t.JMeterThread: Thread finished: BrowseInCategories_thread_group 5-1
2025-02-16 17:25:02,655 INFO o.a.j.t.JMeterThread: Thread is done: AboutMeUser_thread_group 10-1
2025-02-16 17:25:02,656 INFO o.a.j.t.JMeterThread: Thread finished: AboutMeUser_thread_group 10-1
2025-02-16 17:25:02,669 INFO o.a.j.t.JMeterThread: Thread is done: BrowseInRegions_thread_group 6-1
2025-02-16 17:25:02,670 INFO o.a.j.t.JMeterThread: Thread finished: BrowseInRegions_thread_group 6-1
2025-02-16 17:25:02,709 INFO o.a.j.t.JMeterThread: Thread is done: BidOnItem_thread_group 11-1
2025-02-16 17:25:02,709 INFO o.a.j.t.JMeterThread: Thread finished: BidOnItem_thread_group 11-1
2025-02-16 17:25:02,798 INFO o.a.j.t.JMeterThread: Thread is done: BuyItem_thread_group 12-1
2025-02-16 17:25:02,798 INFO o.a.j.t.JMeterThread: Thread finished: BuyItem_thread_group 12-1
2025-02-16 17:25:03,187 INFO o.a.j.t.JMeterThread: Thread started: RegisterUser_thread_group 3-2
2025-02-16 17:25:03,216 INFO o.a.j.t.JMeterThread: Thread is done: RegisterUser_thread_group 3-2
2025-02-16 17:25:03,218 INFO o.a.j.t.JMeterThread: Thread finished: RegisterUser_thread_group 3-2
2025-02-16 17:25:03,431 INFO o.a.j.t.JMeterThread: Thread started: HomePage_thread_group 1-2
2025-02-16 17:25:03,437 INFO o.a.j.t.JMeterThread: Thread started: RegisterPage_thread_group 2-2
2025-02-16 17:25:03,438 INFO o.a.j.t.JMeterThread: Thread started: BrowseInRegions_thread_group 6-2
2025-02-16 17:25:03,438 INFO o.a.j.t.JMeterThread: Thread is done: HomePage_thread_group 1-2
2025-02-16 17:25:03,438 INFO o.a.j.t.JMeterThread: Thread finished: HomePage_thread_group 1-2
2025-02-16 17:25:03,438 INFO o.a.j.t.JMeterThread: Thread is done: RegisterPage_thread_group 2-2
2025-02-16 17:25:03,438 INFO o.a.j.t.JMeterThread: Thread finished: RegisterPage_thread_group 2-2
2025-02-16 17:25:03,445 INFO o.a.j.t.JMeterThread: Thread started: SellPage_thread_group 7-2
2025-02-16 17:25:03,445 INFO o.a.j.t.JMeterThread: Thread started: BidOnItem_thread_group 11-2
2025-02-16 17:25:03,445 INFO o.a.j.t.JMeterThread: Thread started: AboutMePage_thread_group 9-2
2025-02-16 17:25:03,445 INFO o.a.j.t.JMeterThread: Thread started: AboutMeUser_thread_group 10-2
2025-02-16 17:25:03,445 INFO o.a.j.t.JMeterThread: Thread started: SellItem_thread_group 8-2
2025-02-16 17:25:03,445 INFO o.a.j.t.JMeterThread: Thread started: BuyItem_thread_group 12-2
2025-02-16 17:25:03,445 INFO o.a.j.t.JMeterThread: Thread started: BrowsePage_thread_group 4-2
2025-02-16 17:25:03,445 INFO o.a.j.t.JMeterThread: Thread started: BrowseInCategories_thread_group 5-2
2025-02-16 17:25:03,459 INFO o.a.j.t.JMeterThread: Thread is done: SellPage_thread_group 7-2
2025-02-16 17:25:03,459 INFO o.a.j.t.JMeterThread: Thread finished: SellPage_thread_group 7-2
2025-02-16 17:25:03,460 INFO o.a.j.t.JMeterThread: Thread is done: AboutMePage_thread_group 9-2
2025-02-16 17:25:03,460 INFO o.a.j.t.JMeterThread: Thread is done: BrowsePage_thread_group 4-2
2025-02-16 17:25:03,460 INFO o.a.j.t.JMeterThread: Thread finished: AboutMePage_thread_group 9-2
2025-02-16 17:25:03,460 INFO o.a.j.t.JMeterThread: Thread finished: BrowsePage_thread_group 4-2
2025-02-16 17:25:03,499 INFO o.a.j.t.JMeterThread: Thread is done: BrowseInCategories_thread_group 5-2
2025-02-16 17:25:03,499 INFO o.a.j.t.JMeterThread: Thread finished: BrowseInCategories_thread_group 5-2
2025-02-16 17:25:03,510 INFO o.a.j.t.JMeterThread: Thread is done: AboutMeUser_thread_group 10-2
2025-02-16 17:25:03,510 INFO o.a.j.t.JMeterThread: Thread finished: AboutMeUser_thread_group 10-2
2025-02-16 17:25:03,557 INFO o.a.j.t.JMeterThread: Thread is done: BrowseInRegions_thread_group 6-2
2025-02-16 17:25:03,557 INFO o.a.j.t.JMeterThread: Thread finished: BrowseInRegions_thread_group 6-2
2025-02-16 17:25:03,561 INFO o.a.j.t.JMeterThread: Thread is done: SellItem_thread_group 8-2
2025-02-16 17:25:03,562 INFO o.a.j.t.JMeterThread: Thread finished: SellItem_thread_group 8-2
2025-02-16 17:25:03,640 INFO o.a.j.t.JMeterThread: Thread is done: BidOnItem_thread_group 11-2
2025-02-16 17:25:03,640 INFO o.a.j.t.JMeterThread: Thread finished: BidOnItem_thread_group 11-2
2025-02-16 17:25:03,788 INFO o.a.j.t.JMeterThread: Thread is done: BuyItem_thread_group 12-2
2025-02-16 17:25:03,788 INFO o.a.j.t.JMeterThread: Thread finished: BuyItem_thread_group 12-2
2025-02-16 17:25:03,930 INFO o.a.j.t.JMeterThread: Thread started: RegisterUser_thread_group 3-3
2025-02-16 17:25:03,967 INFO o.a.j.t.JMeterThread: Thread is done: RegisterUser_thread_group 3-3
2025-02-16 17:25:03,967 INFO o.a.j.t.JMeterThread: Thread finished: RegisterUser_thread_group 3-3
2025-02-16 17:25:04,425 INFO o.a.j.t.JMeterThread: Thread started: HomePage_thread_group 1-3
2025-02-16 17:25:04,430 INFO o.a.j.t.JMeterThread: Thread started: RegisterPage_thread_group 2-3
2025-02-16 17:25:04,431 INFO o.a.j.t.JMeterThread: Thread is done: HomePage_thread_group 1-3
2025-02-16 17:25:04,431 INFO o.a.j.t.JMeterThread: Thread finished: HomePage_thread_group 1-3
2025-02-16 17:25:04,432 INFO o.a.j.t.JMeterThread: Thread started: BuyItem_thread_group 12-3
2025-02-16 17:25:04,432 INFO o.a.j.t.JMeterThread: Thread started: SellPage_thread_group 7-3
2025-02-16 17:25:04,433 INFO o.a.j.t.JMeterThread: Thread started: BidOnItem_thread_group 11-3
2025-02-16 17:25:04,433 INFO o.a.j.t.JMeterThread: Thread started: AboutMePage_thread_group 9-3
2025-02-16 17:25:04,433 INFO o.a.j.t.JMeterThread: Thread started: BrowseInCategories_thread_group 5-3
2025-02-16 17:25:04,437 INFO o.a.j.t.JMeterThread: Thread started: BrowseInRegions_thread_group 6-3
2025-02-16 17:25:04,438 INFO o.a.j.t.JMeterThread: Thread started: SellItem_thread_group 8-3
2025-02-16 17:25:04,438 INFO o.a.j.t.JMeterThread: Thread started: AboutMeUser_thread_group 10-3
2025-02-16 17:25:04,439 INFO o.a.j.t.JMeterThread: Thread started: BrowsePage_thread_group 4-3
2025-02-16 17:25:04,440 INFO o.a.j.t.JMeterThread: Thread is done: RegisterPage_thread_group 2-3
2025-02-16 17:25:04,440 INFO o.a.j.t.JMeterThread: Thread finished: RegisterPage_thread_group 2-3
2025-02-16 17:25:04,444 INFO o.a.j.t.JMeterThread: Thread is done: SellPage_thread_group 7-3
2025-02-16 17:25:04,444 INFO o.a.j.t.JMeterThread: Thread finished: SellPage_thread_group 7-3
2025-02-16 17:25:04,445 INFO o.a.j.t.JMeterThread: Thread is done: AboutMePage_thread_group 9-3
2025-02-16 17:25:04,445 INFO o.a.j.t.JMeterThread: Thread finished: AboutMePage_thread_group 9-3
2025-02-16 17:25:04,453 INFO o.a.j.t.JMeterThread: Thread is done: BrowsePage_thread_group 4-3
2025-02-16 17:25:04,453 INFO o.a.j.t.JMeterThread: Thread finished: BrowsePage_thread_group 4-3
2025-02-16 17:25:04,478 INFO o.a.j.t.JMeterThread: Thread is done: BrowseInCategories_thread_group 5-3
2025-02-16 17:25:04,479 INFO o.a.j.t.JMeterThread: Thread finished: BrowseInCategories_thread_group 5-3
2025-02-16 17:25:04,505 INFO o.a.j.t.JMeterThread: Thread is done: BrowseInRegions_thread_group 6-3
2025-02-16 17:25:04,505 INFO o.a.j.t.JMeterThread: Thread finished: BrowseInRegions_thread_group 6-3
2025-02-16 17:25:04,539 INFO o.a.j.t.JMeterThread: Thread is done: BidOnItem_thread_group 11-3
2025-02-16 17:25:04,539 INFO o.a.j.t.JMeterThread: Thread finished: BidOnItem_thread_group 11-3
2025-02-16 17:25:04,540 INFO o.a.j.t.JMeterThread: Thread is done: AboutMeUser_thread_group 10-3
2025-02-16 17:25:04,540 INFO o.a.j.t.JMeterThread: Thread finished: AboutMeUser_thread_group 10-3
2025-02-16 17:25:04,572 INFO o.a.j.t.JMeterThread: Thread is done: SellItem_thread_group 8-3
2025-02-16 17:25:04,572 INFO o.a.j.t.JMeterThread: Thread finished: SellItem_thread_group 8-3
2025-02-16 17:25:04,686 INFO o.a.j.t.JMeterThread: Thread started: RegisterUser_thread_group 3-4
2025-02-16 17:25:04,691 INFO o.a.j.t.JMeterThread: Thread is done: BuyItem_thread_group 12-3
2025-02-16 17:25:04,691 INFO o.a.j.t.JMeterThread: Thread finished: BuyItem_thread_group 12-3
2025-02-16 17:25:04,708 INFO o.a.j.t.JMeterThread: Thread is done: RegisterUser_thread_group 3-4
2025-02-16 17:25:04,708 INFO o.a.j.t.JMeterThread: Thread finished: RegisterUser_thread_group 3-4
2025-02-16 17:25:04,708 INFO o.a.j.e.StandardJMeterEngine: Notifying test listeners of end of test
2025-02-16 17:25:04,708 INFO o.a.j.s.FileServer: Close: D:/apache-jmeter-5.1.1/bin/usersData.csv
2025-02-16 17:25:04,708 INFO o.a.j.r.Summariser: summary +    431 in 00:00:02 =  199.8/s Avg:     6 Min:     0 Max:    50 Err:     0 (0.00%) Active: 0 Started: 37 Finished: 37
2025-02-16 17:25:04,708 INFO o.a.j.r.Summariser: summary =    432 in 00:00:02 =  183.9/s Avg:     6 Min:     0 Max:    50 Err:     0 (0.00%)
